<?xml version="1.0" encoding="UTF-8"?>
<coverage generated="1588387644177" clover="3.2.0">
  <project timestamp="1588387644178" name="All files">
    <metrics statements="19" coveredstatements="7" conditionals="0" coveredconditionals="0" methods="16" coveredmethods="4" elements="35" coveredelements="11" complexity="0" loc="19" ncloc="19" packages="1" files="2" classes="2"/>
    <file name="app.jsx" path="/Users/danielmondo/Documents/HackReactor/etv-reviews/src/app.jsx">
      <metrics statements="17" coveredstatements="5" conditionals="0" coveredconditionals="0" methods="15" coveredmethods="3"/>
      <line num="5" count="1" type="stmt"/>
      <line num="22" count="3" type="stmt"/>
      <line num="23" count="3" type="stmt"/>
      <line num="33" count="3" type="stmt"/>
      <line num="37" count="0" type="stmt"/>
      <line num="38" count="0" type="stmt"/>
      <line num="39" count="0" type="stmt"/>
      <line num="43" count="0" type="stmt"/>
      <line num="44" count="0" type="stmt"/>
      <line num="45" count="0" type="stmt"/>
      <line num="49" count="0" type="stmt"/>
      <line num="50" count="0" type="stmt"/>
      <line num="51" count="0" type="stmt"/>
      <line num="55" count="3" type="stmt"/>
      <line num="57" count="0" type="stmt"/>
      <line num="58" count="0" type="stmt"/>
      <line num="59" count="0" type="stmt"/>
    </file>
    <file name="review.jsx" path="/Users/danielmondo/Documents/HackReactor/etv-reviews/src/review.jsx">
      <metrics statements="2" coveredstatements="2" conditionals="0" coveredconditionals="0" methods="1" coveredmethods="1"/>
      <line num="3" count="2" type="stmt"/>
      <line num="4" count="1" type="stmt"/>
    </file>
  </project>
</coverage>
