{"/Users/danielmondo/Documents/HackReactor/etv-reviews/src/app.jsx": {"path":"/Users/danielmondo/Documents/HackReactor/etv-reviews/src/app.jsx","statementMap":{"0":{"start":{"line":5,"column":19},"end":{"line":18,"column":1}},"1":{"start":{"line":22,"column":4},"end":{"line":22,"column":17}},"2":{"start":{"line":23,"column":4},"end":{"line":29,"column":6}},"3":{"start":{"line":33,"column":4},"end":{"line":33,"column":31}},"4":{"start":{"line":37,"column":4},"end":{"line":39,"column":49}},"5":{"start":{"line":38,"column":22},"end":{"line":38,"column":33}},"6":{"start":{"line":39,"column":26},"end":{"line":39,"column":47}},"7":{"start":{"line":43,"column":4},"end":{"line":45,"column":43}},"8":{"start":{"line":44,"column":22},"end":{"line":44,"column":33}},"9":{"start":{"line":45,"column":23},"end":{"line":45,"column":41}},"10":{"start":{"line":49,"column":4},"end":{"line":51,"column":47}},"11":{"start":{"line":50,"column":22},"end":{"line":50,"column":33}},"12":{"start":{"line":51,"column":25},"end":{"line":51,"column":45}},"13":{"start":{"line":55,"column":4},"end":{"line":62,"column":6}},"14":{"start":{"line":57,"column":28},"end":{"line":57,"column":38}},"15":{"start":{"line":58,"column":28},"end":{"line":58,"column":43}},"16":{"start":{"line":59,"column":28},"end":{"line":59,"column":45}}},"fnMap":{"0":{"name":"(anonymous_0)","decl":{"start":{"line":21,"column":2},"end":{"line":21,"column":3}},"loc":{"start":{"line":21,"column":21},"end":{"line":30,"column":3}},"line":21},"1":{"name":"(anonymous_1)","decl":{"start":{"line":32,"column":2},"end":{"line":32,"column":3}},"loc":{"start":{"line":32,"column":22},"end":{"line":34,"column":3}},"line":32},"2":{"name":"(anonymous_2)","decl":{"start":{"line":36,"column":2},"end":{"line":36,"column":3}},"loc":{"start":{"line":36,"column":8},"end":{"line":40,"column":3}},"line":36},"3":{"name":"(anonymous_3)","decl":{"start":{"line":38,"column":12},"end":{"line":38,"column":13}},"loc":{"start":{"line":38,"column":22},"end":{"line":38,"column":33}},"line":38},"4":{"name":"(anonymous_4)","decl":{"start":{"line":39,"column":12},"end":{"line":39,"column":13}},"loc":{"start":{"line":39,"column":26},"end":{"line":39,"column":47}},"line":39},"5":{"name":"(anonymous_5)","decl":{"start":{"line":42,"column":2},"end":{"line":42,"column":3}},"loc":{"start":{"line":42,"column":13},"end":{"line":46,"column":3}},"line":42},"6":{"name":"(anonymous_6)","decl":{"start":{"line":44,"column":12},"end":{"line":44,"column":13}},"loc":{"start":{"line":44,"column":22},"end":{"line":44,"column":33}},"line":44},"7":{"name":"(anonymous_7)","decl":{"start":{"line":45,"column":12},"end":{"line":45,"column":13}},"loc":{"start":{"line":45,"column":23},"end":{"line":45,"column":41}},"line":45},"8":{"name":"(anonymous_8)","decl":{"start":{"line":48,"column":2},"end":{"line":48,"column":3}},"loc":{"start":{"line":48,"column":15},"end":{"line":52,"column":3}},"line":48},"9":{"name":"(anonymous_9)","decl":{"start":{"line":50,"column":12},"end":{"line":50,"column":13}},"loc":{"start":{"line":50,"column":22},"end":{"line":50,"column":33}},"line":50},"10":{"name":"(anonymous_10)","decl":{"start":{"line":51,"column":12},"end":{"line":51,"column":13}},"loc":{"start":{"line":51,"column":25},"end":{"line":51,"column":45}},"line":51},"11":{"name":"(anonymous_11)","decl":{"start":{"line":54,"column":2},"end":{"line":54,"column":3}},"loc":{"start":{"line":54,"column":11},"end":{"line":63,"column":3}},"line":54},"12":{"name":"(anonymous_12)","decl":{"start":{"line":57,"column":22},"end":{"line":57,"column":23}},"loc":{"start":{"line":57,"column":28},"end":{"line":57,"column":38}},"line":57},"13":{"name":"(anonymous_13)","decl":{"start":{"line":58,"column":22},"end":{"line":58,"column":23}},"loc":{"start":{"line":58,"column":28},"end":{"line":58,"column":43}},"line":58},"14":{"name":"(anonymous_14)","decl":{"start":{"line":59,"column":22},"end":{"line":59,"column":23}},"loc":{"start":{"line":59,"column":28},"end":{"line":59,"column":45}},"line":59}},"branchMap":{},"s":{"0":1,"1":3,"2":3,"3":3,"4":0,"5":0,"6":0,"7":0,"8":0,"9":0,"10":0,"11":0,"12":0,"13":3,"14":0,"15":0,"16":0},"f":{"0":3,"1":3,"2":0,"3":0,"4":0,"5":0,"6":0,"7":0,"8":0,"9":0,"10":0,"11":3,"12":0,"13":0,"14":0},"b":{},"_coverageSchema":"1a1c01bbd47fc00a2c39e90264f33305004495a9","hash":"58c8a827c33098f0a34d0a79a215b8f459b34067"}
,"/Users/danielmondo/Documents/HackReactor/etv-reviews/src/review.jsx": {"path":"/Users/danielmondo/Documents/HackReactor/etv-reviews/src/review.jsx","statementMap":{"0":{"start":{"line":3,"column":15},"end":{"line":7,"column":1}},"1":{"start":{"line":4,"column":2},"end":{"line":6,"column":8}}},"fnMap":{"0":{"name":"(anonymous_0)","decl":{"start":{"line":3,"column":15},"end":{"line":3,"column":16}},"loc":{"start":{"line":4,"column":2},"end":{"line":6,"column":8}},"line":4}},"branchMap":{},"s":{"0":2,"1":1},"f":{"0":1},"b":{},"_coverageSchema":"1a1c01bbd47fc00a2c39e90264f33305004495a9","hash":"72fa49dd0ea89febea265f982cda0ae04b51c4c7"}
}
