{"/Users/danielmondo/Documents/HackReactor/etv-reviews/dist/styles.css": {"path":"/Users/danielmondo/Documents/HackReactor/etv-reviews/dist/styles.css","statementMap":{"0":{"start":{"line":1,"column":9},"end":{"line":135,"column":12}},"1":{"start":{"line":3,"column":33},"end":{"line":3,"column":35}},"2":{"start":{"line":9,"column":11},"end":{"line":11,"column":12}},"3":{"start":{"line":10,"column":12},"end":{"line":10,"column":54}},"4":{"start":{"line":13,"column":24},"end":{"line":17,"column":12}},"5":{"start":{"line":20,"column":11},"end":{"line":20,"column":95}},"6":{"start":{"line":23,"column":11},"end":{"line":23,"column":27}},"7":{"start":{"line":26,"column":11},"end":{"line":26,"column":33}},"8":{"start":{"line":31,"column":10},"end":{"line":31,"column":42}},"9":{"start":{"line":34,"column":10},"end":{"line":34,"column":51}},"10":{"start":{"line":37,"column":10},"end":{"line":41,"column":12}},"11":{"start":{"line":38,"column":11},"end":{"line":40,"column":12}},"12":{"start":{"line":39,"column":12},"end":{"line":39,"column":84}},"13":{"start":{"line":44,"column":10},"end":{"line":49,"column":12}},"14":{"start":{"line":45,"column":11},"end":{"line":47,"column":12}},"15":{"start":{"line":46,"column":12},"end":{"line":46,"column":84}},"16":{"start":{"line":48,"column":11},"end":{"line":48,"column":73}},"17":{"start":{"line":56,"column":10},"end":{"line":65,"column":12}},"18":{"start":{"line":57,"column":11},"end":{"line":57,"column":59}},"19":{"start":{"line":57,"column":24},"end":{"line":57,"column":59}},"20":{"start":{"line":58,"column":11},"end":{"line":58,"column":37}},"21":{"start":{"line":58,"column":24},"end":{"line":58,"column":37}},"22":{"start":{"line":59,"column":11},"end":{"line":59,"column":97}},"23":{"start":{"line":59,"column":84},"end":{"line":59,"column":97}},"24":{"start":{"line":60,"column":20},"end":{"line":60,"column":39}},"25":{"start":{"line":61,"column":11},"end":{"line":61,"column":37}},"26":{"start":{"line":62,"column":11},"end":{"line":62,"column":84}},"27":{"start":{"line":63,"column":11},"end":{"line":63,"column":159}},"28":{"start":{"line":63,"column":52},"end":{"line":63,"column":159}},"29":{"start":{"line":63,"column":74},"end":{"line":63,"column":159}},"30":{"start":{"line":63,"column":121},"end":{"line":63,"column":139}},"31":{"start":{"line":64,"column":11},"end":{"line":64,"column":21}},"32":{"start":{"line":68,"column":10},"end":{"line":74,"column":12}},"33":{"start":{"line":69,"column":24},"end":{"line":71,"column":58}},"34":{"start":{"line":70,"column":36},"end":{"line":70,"column":61}},"35":{"start":{"line":71,"column":42},"end":{"line":71,"column":56}},"36":{"start":{"line":72,"column":11},"end":{"line":72,"column":54}},"37":{"start":{"line":73,"column":11},"end":{"line":73,"column":25}},"38":{"start":{"line":77,"column":10},"end":{"line":77,"column":128}},"39":{"start":{"line":77,"column":63},"end":{"line":77,"column":125}},"40":{"start":{"line":80,"column":10},"end":{"line":80,"column":37}},"41":{"start":{"line":84,"column":10},"end":{"line":84,"column":88}},"42":{"start":{"line":96,"column":0},"end":{"line":96,"column":9362}},"43":{"start":{"line":108,"column":0},"end":{"line":108,"column":7203}},"44":{"start":{"line":120,"column":0},"end":{"line":120,"column":18831}},"45":{"start":{"line":131,"column":0},"end":{"line":131,"column":1942}}},"fnMap":{"0":{"name":"(anonymous_0)","decl":{"start":{"line":1,"column":10},"end":{"line":1,"column":11}},"loc":{"start":{"line":1,"column":28},"end":{"line":85,"column":10}},"line":1},"1":{"name":"__webpack_require__","decl":{"start":{"line":6,"column":19},"end":{"line":6,"column":38}},"loc":{"start":{"line":6,"column":49},"end":{"line":27,"column":11}},"line":6},"2":{"name":"(anonymous_2)","decl":{"start":{"line":37,"column":34},"end":{"line":37,"column":35}},"loc":{"start":{"line":37,"column":66},"end":{"line":41,"column":11}},"line":37},"3":{"name":"(anonymous_3)","decl":{"start":{"line":44,"column":34},"end":{"line":44,"column":35}},"loc":{"start":{"line":44,"column":52},"end":{"line":49,"column":11}},"line":44},"4":{"name":"(anonymous_4)","decl":{"start":{"line":56,"column":34},"end":{"line":56,"column":35}},"loc":{"start":{"line":56,"column":56},"end":{"line":65,"column":11}},"line":56},"5":{"name":"(anonymous_5)","decl":{"start":{"line":63,"column":105},"end":{"line":63,"column":106}},"loc":{"start":{"line":63,"column":119},"end":{"line":63,"column":141}},"line":63},"6":{"name":"(anonymous_6)","decl":{"start":{"line":68,"column":34},"end":{"line":68,"column":35}},"loc":{"start":{"line":68,"column":51},"end":{"line":74,"column":11}},"line":68},"7":{"name":"getDefault","decl":{"start":{"line":70,"column":21},"end":{"line":70,"column":31}},"loc":{"start":{"line":70,"column":34},"end":{"line":70,"column":63}},"line":70},"8":{"name":"getModuleExports","decl":{"start":{"line":71,"column":21},"end":{"line":71,"column":37}},"loc":{"start":{"line":71,"column":40},"end":{"line":71,"column":58}},"line":71},"9":{"name":"(anonymous_9)","decl":{"start":{"line":77,"column":34},"end":{"line":77,"column":35}},"loc":{"start":{"line":77,"column":61},"end":{"line":77,"column":127}},"line":77},"10":{"name":"(anonymous_10)","decl":{"start":{"line":94,"column":7},"end":{"line":94,"column":8}},"loc":{"start":{"line":94,"column":54},"end":{"line":98,"column":7}},"line":94},"11":{"name":"(anonymous_11)","decl":{"start":{"line":105,"column":7},"end":{"line":105,"column":8}},"loc":{"start":{"line":105,"column":54},"end":{"line":110,"column":7}},"line":105},"12":{"name":"(anonymous_12)","decl":{"start":{"line":117,"column":7},"end":{"line":117,"column":8}},"loc":{"start":{"line":117,"column":54},"end":{"line":122,"column":7}},"line":117},"13":{"name":"(anonymous_13)","decl":{"start":{"line":129,"column":7},"end":{"line":129,"column":8}},"loc":{"start":{"line":129,"column":54},"end":{"line":133,"column":7}},"line":129}},"branchMap":{"0":{"loc":{"start":{"line":9,"column":11},"end":{"line":11,"column":12}},"type":"if","locations":[{"start":{"line":9,"column":11},"end":{"line":11,"column":12}},{"start":{"line":9,"column":11},"end":{"line":11,"column":12}}],"line":9},"1":{"loc":{"start":{"line":38,"column":11},"end":{"line":40,"column":12}},"type":"if","locations":[{"start":{"line":38,"column":11},"end":{"line":40,"column":12}},{"start":{"line":38,"column":11},"end":{"line":40,"column":12}}],"line":38},"2":{"loc":{"start":{"line":45,"column":11},"end":{"line":47,"column":12}},"type":"if","locations":[{"start":{"line":45,"column":11},"end":{"line":47,"column":12}},{"start":{"line":45,"column":11},"end":{"line":47,"column":12}}],"line":45},"3":{"loc":{"start":{"line":45,"column":14},"end":{"line":45,"column":65}},"type":"binary-expr","locations":[{"start":{"line":45,"column":14},"end":{"line":45,"column":43}},{"start":{"line":45,"column":47},"end":{"line":45,"column":65}}],"line":45},"4":{"loc":{"start":{"line":57,"column":11},"end":{"line":57,"column":59}},"type":"if","locations":[{"start":{"line":57,"column":11},"end":{"line":57,"column":59}},{"start":{"line":57,"column":11},"end":{"line":57,"column":59}}],"line":57},"5":{"loc":{"start":{"line":58,"column":11},"end":{"line":58,"column":37}},"type":"if","locations":[{"start":{"line":58,"column":11},"end":{"line":58,"column":37}},{"start":{"line":58,"column":11},"end":{"line":58,"column":37}}],"line":58},"6":{"loc":{"start":{"line":59,"column":11},"end":{"line":59,"column":97}},"type":"if","locations":[{"start":{"line":59,"column":11},"end":{"line":59,"column":97}},{"start":{"line":59,"column":11},"end":{"line":59,"column":97}}],"line":59},"7":{"loc":{"start":{"line":59,"column":14},"end":{"line":59,"column":82}},"type":"binary-expr","locations":[{"start":{"line":59,"column":15},"end":{"line":59,"column":23}},{"start":{"line":59,"column":28},"end":{"line":59,"column":53}},{"start":{"line":59,"column":57},"end":{"line":59,"column":62}},{"start":{"line":59,"column":66},"end":{"line":59,"column":82}}],"line":59},"8":{"loc":{"start":{"line":63,"column":11},"end":{"line":63,"column":159}},"type":"if","locations":[{"start":{"line":63,"column":11},"end":{"line":63,"column":159}},{"start":{"line":63,"column":11},"end":{"line":63,"column":159}}],"line":63},"9":{"loc":{"start":{"line":63,"column":14},"end":{"line":63,"column":50}},"type":"binary-expr","locations":[{"start":{"line":63,"column":14},"end":{"line":63,"column":22}},{"start":{"line":63,"column":26},"end":{"line":63,"column":50}}],"line":63},"10":{"loc":{"start":{"line":69,"column":24},"end":{"line":71,"column":58}},"type":"cond-expr","locations":[{"start":{"line":70,"column":12},"end":{"line":70,"column":63}},{"start":{"line":71,"column":12},"end":{"line":71,"column":58}}],"line":69},"11":{"loc":{"start":{"line":69,"column":24},"end":{"line":69,"column":51}},"type":"binary-expr","locations":[{"start":{"line":69,"column":24},"end":{"line":69,"column":30}},{"start":{"line":69,"column":34},"end":{"line":69,"column":51}}],"line":69}},"s":{"0":2,"1":2,"2":8,"3":0,"4":8,"5":8,"6":8,"7":8,"8":2,"9":2,"10":2,"11":0,"12":0,"13":2,"14":0,"15":0,"16":0,"17":2,"18":0,"19":0,"20":0,"21":0,"22":0,"23":0,"24":0,"25":0,"26":0,"27":0,"28":0,"29":0,"30":0,"31":0,"32":2,"33":0,"34":0,"35":0,"36":0,"37":0,"38":2,"39":0,"40":2,"41":2,"42":2,"43":2,"44":2,"45":2},"f":{"0":2,"1":8,"2":0,"3":0,"4":0,"5":0,"6":0,"7":0,"8":0,"9":0,"10":2,"11":2,"12":2,"13":2},"b":{"0":[0,8],"1":[0,0],"2":[0,0],"3":[0,0],"4":[0,0],"5":[0,0],"6":[0,0],"7":[0,0,0,0],"8":[0,0],"9":[0,0],"10":[0,0],"11":[0,0]},"inputSourceMap":null,"_coverageSchema":"1a1c01bbd47fc00a2c39e90264f33305004495a9","hash":"7d794b6bea7e12bdbbc86a0657c9b3638dd80fcb"}
,"/Users/danielmondo/Documents/HackReactor/etv-reviews/src/app.jsx": {"path":"/Users/danielmondo/Documents/HackReactor/etv-reviews/src/app.jsx","statementMap":{"0":{"start":{"line":5,"column":19},"end":{"line":18,"column":1}},"1":{"start":{"line":22,"column":4},"end":{"line":22,"column":17}},"2":{"start":{"line":23,"column":4},"end":{"line":26,"column":6}},"3":{"start":{"line":30,"column":4},"end":{"line":30,"column":22}},"4":{"start":{"line":34,"column":4},"end":{"line":36,"column":49}},"5":{"start":{"line":35,"column":22},"end":{"line":35,"column":33}},"6":{"start":{"line":36,"column":26},"end":{"line":36,"column":47}},"7":{"start":{"line":40,"column":4},"end":{"line":42,"column":43}},"8":{"start":{"line":41,"column":22},"end":{"line":41,"column":33}},"9":{"start":{"line":42,"column":23},"end":{"line":42,"column":41}},"10":{"start":{"line":46,"column":4},"end":{"line":52,"column":9}},"11":{"start":{"line":47,"column":22},"end":{"line":47,"column":33}},"12":{"start":{"line":49,"column":8},"end":{"line":51,"column":11}},"13":{"start":{"line":56,"column":4},"end":{"line":60,"column":6}}},"fnMap":{"0":{"name":"(anonymous_0)","decl":{"start":{"line":21,"column":2},"end":{"line":21,"column":3}},"loc":{"start":{"line":21,"column":21},"end":{"line":27,"column":3}},"line":21},"1":{"name":"(anonymous_1)","decl":{"start":{"line":29,"column":2},"end":{"line":29,"column":3}},"loc":{"start":{"line":29,"column":22},"end":{"line":31,"column":3}},"line":29},"2":{"name":"(anonymous_2)","decl":{"start":{"line":33,"column":2},"end":{"line":33,"column":3}},"loc":{"start":{"line":33,"column":8},"end":{"line":37,"column":3}},"line":33},"3":{"name":"(anonymous_3)","decl":{"start":{"line":35,"column":12},"end":{"line":35,"column":13}},"loc":{"start":{"line":35,"column":22},"end":{"line":35,"column":33}},"line":35},"4":{"name":"(anonymous_4)","decl":{"start":{"line":36,"column":12},"end":{"line":36,"column":13}},"loc":{"start":{"line":36,"column":26},"end":{"line":36,"column":47}},"line":36},"5":{"name":"(anonymous_5)","decl":{"start":{"line":39,"column":2},"end":{"line":39,"column":3}},"loc":{"start":{"line":39,"column":13},"end":{"line":43,"column":3}},"line":39},"6":{"name":"(anonymous_6)","decl":{"start":{"line":41,"column":12},"end":{"line":41,"column":13}},"loc":{"start":{"line":41,"column":22},"end":{"line":41,"column":33}},"line":41},"7":{"name":"(anonymous_7)","decl":{"start":{"line":42,"column":12},"end":{"line":42,"column":13}},"loc":{"start":{"line":42,"column":23},"end":{"line":42,"column":41}},"line":42},"8":{"name":"(anonymous_8)","decl":{"start":{"line":45,"column":2},"end":{"line":45,"column":3}},"loc":{"start":{"line":45,"column":15},"end":{"line":53,"column":3}},"line":45},"9":{"name":"(anonymous_9)","decl":{"start":{"line":47,"column":12},"end":{"line":47,"column":13}},"loc":{"start":{"line":47,"column":22},"end":{"line":47,"column":33}},"line":47},"10":{"name":"(anonymous_10)","decl":{"start":{"line":48,"column":12},"end":{"line":48,"column":13}},"loc":{"start":{"line":48,"column":25},"end":{"line":52,"column":7}},"line":48},"11":{"name":"(anonymous_11)","decl":{"start":{"line":55,"column":2},"end":{"line":55,"column":3}},"loc":{"start":{"line":55,"column":11},"end":{"line":61,"column":3}},"line":55}},"branchMap":{"0":{"loc":{"start":{"line":58,"column":9},"end":{"line":58,"column":71}},"type":"binary-expr","locations":[{"start":{"line":58,"column":9},"end":{"line":58,"column":27}},{"start":{"line":58,"column":31},"end":{"line":58,"column":71}}],"line":58}},"s":{"0":1,"1":3,"2":3,"3":3,"4":0,"5":0,"6":0,"7":0,"8":0,"9":0,"10":3,"11":3,"12":0,"13":3},"f":{"0":3,"1":3,"2":0,"3":0,"4":0,"5":0,"6":0,"7":0,"8":3,"9":3,"10":0,"11":3},"b":{"0":[3,0]},"_coverageSchema":"1a1c01bbd47fc00a2c39e90264f33305004495a9","hash":"d2e51069a272b07a044f800d56bd89fc5a1fcc1f"}
,"/Users/danielmondo/Documents/HackReactor/etv-reviews/src/helpful.jsx": {"path":"/Users/danielmondo/Documents/HackReactor/etv-reviews/src/helpful.jsx","statementMap":{"0":{"start":{"line":3,"column":19},"end":{"line":3,"column":55}},"1":{"start":{"line":3,"column":25},"end":{"line":3,"column":55}},"2":{"start":{"line":5,"column":16},"end":{"line":26,"column":1}},"3":{"start":{"line":6,"column":2},"end":{"line":25,"column":8}}},"fnMap":{"0":{"name":"(anonymous_0)","decl":{"start":{"line":3,"column":19},"end":{"line":3,"column":20}},"loc":{"start":{"line":3,"column":25},"end":{"line":3,"column":55}},"line":3},"1":{"name":"(anonymous_1)","decl":{"start":{"line":5,"column":16},"end":{"line":5,"column":17}},"loc":{"start":{"line":6,"column":2},"end":{"line":25,"column":8}},"line":6}},"branchMap":{},"s":{"0":2,"1":1,"2":2,"3":1},"f":{"0":1,"1":1},"b":{},"_coverageSchema":"1a1c01bbd47fc00a2c39e90264f33305004495a9","hash":"e0059003d65573fa9041481f00ab2b286dbebaf8"}
,"/Users/danielmondo/Documents/HackReactor/etv-reviews/src/leftReview.jsx": {"path":"/Users/danielmondo/Documents/HackReactor/etv-reviews/src/leftReview.jsx","statementMap":{"0":{"start":{"line":4,"column":19},"end":{"line":34,"column":1}},"1":{"start":{"line":5,"column":18},"end":{"line":5,"column":77}},"2":{"start":{"line":8,"column":2},"end":{"line":16,"column":3}},"3":{"start":{"line":9,"column":4},"end":{"line":9,"column":39}},"4":{"start":{"line":10,"column":9},"end":{"line":16,"column":3}},"5":{"start":{"line":11,"column":4},"end":{"line":11,"column":40}},"6":{"start":{"line":12,"column":9},"end":{"line":16,"column":3}},"7":{"start":{"line":13,"column":4},"end":{"line":13,"column":59}},"8":{"start":{"line":15,"column":4},"end":{"line":15,"column":41}},"9":{"start":{"line":18,"column":2},"end":{"line":33,"column":4}}},"fnMap":{"0":{"name":"(anonymous_0)","decl":{"start":{"line":4,"column":19},"end":{"line":4,"column":20}},"loc":{"start":{"line":4,"column":33},"end":{"line":34,"column":1}},"line":4}},"branchMap":{"0":{"loc":{"start":{"line":8,"column":2},"end":{"line":16,"column":3}},"type":"if","locations":[{"start":{"line":8,"column":2},"end":{"line":16,"column":3}},{"start":{"line":8,"column":2},"end":{"line":16,"column":3}}],"line":8},"1":{"loc":{"start":{"line":10,"column":9},"end":{"line":16,"column":3}},"type":"if","locations":[{"start":{"line":10,"column":9},"end":{"line":16,"column":3}},{"start":{"line":10,"column":9},"end":{"line":16,"column":3}}],"line":10},"2":{"loc":{"start":{"line":12,"column":9},"end":{"line":16,"column":3}},"type":"if","locations":[{"start":{"line":12,"column":9},"end":{"line":16,"column":3}},{"start":{"line":12,"column":9},"end":{"line":16,"column":3}}],"line":12}},"s":{"0":2,"1":1,"2":1,"3":0,"4":1,"5":1,"6":0,"7":0,"8":0,"9":1},"f":{"0":1},"b":{"0":[0,1],"1":[1,0],"2":[0,0]},"_coverageSchema":"1a1c01bbd47fc00a2c39e90264f33305004495a9","hash":"7509dbbe53395fc7b15ea9ce536fb6b0cfd19cb5"}
,"/Users/danielmondo/Documents/HackReactor/etv-reviews/src/ratingWidget.jsx": {"path":"/Users/danielmondo/Documents/HackReactor/etv-reviews/src/ratingWidget.jsx","statementMap":{"0":{"start":{"line":3,"column":21},"end":{"line":57,"column":1}},"1":{"start":{"line":5,"column":2},"end":{"line":11,"column":3}},"2":{"start":{"line":6,"column":4},"end":{"line":6,"column":26}},"3":{"start":{"line":7,"column":4},"end":{"line":7,"column":28}},"4":{"start":{"line":9,"column":4},"end":{"line":9,"column":26}},"5":{"start":{"line":10,"column":4},"end":{"line":10,"column":28}},"6":{"start":{"line":13,"column":24},"end":{"line":13,"column":39}},"7":{"start":{"line":14,"column":21},"end":{"line":14,"column":46}},"8":{"start":{"line":16,"column":2},"end":{"line":56,"column":4}}},"fnMap":{"0":{"name":"(anonymous_0)","decl":{"start":{"line":3,"column":21},"end":{"line":3,"column":22}},"loc":{"start":{"line":3,"column":38},"end":{"line":57,"column":1}},"line":3}},"branchMap":{"0":{"loc":{"start":{"line":5,"column":2},"end":{"line":11,"column":3}},"type":"if","locations":[{"start":{"line":5,"column":2},"end":{"line":11,"column":3}},{"start":{"line":5,"column":2},"end":{"line":11,"column":3}}],"line":5}},"s":{"0":2,"1":3,"2":1,"3":1,"4":2,"5":2,"6":3,"7":3,"8":3},"f":{"0":3},"b":{"0":[1,2]},"_coverageSchema":"1a1c01bbd47fc00a2c39e90264f33305004495a9","hash":"2ab2840841e713429801899f4bd2ca6b02b46651"}
,"/Users/danielmondo/Documents/HackReactor/etv-reviews/src/recommend.jsx": {"path":"/Users/danielmondo/Documents/HackReactor/etv-reviews/src/recommend.jsx","statementMap":{"0":{"start":{"line":3,"column":18},"end":{"line":24,"column":1}},"1":{"start":{"line":5,"column":2},"end":{"line":23,"column":3}},"2":{"start":{"line":6,"column":4},"end":{"line":13,"column":6}},"3":{"start":{"line":15,"column":4},"end":{"line":22,"column":6}}},"fnMap":{"0":{"name":"(anonymous_0)","decl":{"start":{"line":3,"column":18},"end":{"line":3,"column":19}},"loc":{"start":{"line":3,"column":32},"end":{"line":24,"column":1}},"line":3}},"branchMap":{"0":{"loc":{"start":{"line":5,"column":2},"end":{"line":23,"column":3}},"type":"if","locations":[{"start":{"line":5,"column":2},"end":{"line":23,"column":3}},{"start":{"line":5,"column":2},"end":{"line":23,"column":3}}],"line":5}},"s":{"0":2,"1":1,"2":0,"3":1},"f":{"0":1},"b":{"0":[0,1]},"_coverageSchema":"1a1c01bbd47fc00a2c39e90264f33305004495a9","hash":"d7cc3371738df041411650274cfac4b3a5c79ad1"}
,"/Users/danielmondo/Documents/HackReactor/etv-reviews/src/review.jsx": {"path":"/Users/danielmondo/Documents/HackReactor/etv-reviews/src/review.jsx","statementMap":{"0":{"start":{"line":6,"column":15},"end":{"line":11,"column":1}},"1":{"start":{"line":7,"column":2},"end":{"line":10,"column":8}}},"fnMap":{"0":{"name":"(anonymous_0)","decl":{"start":{"line":6,"column":15},"end":{"line":6,"column":16}},"loc":{"start":{"line":7,"column":2},"end":{"line":10,"column":8}},"line":7}},"branchMap":{},"s":{"0":2,"1":1},"f":{"0":1},"b":{},"_coverageSchema":"1a1c01bbd47fc00a2c39e90264f33305004495a9","hash":"9dca80ec1acea1f64465bf036973a43c1ea8dc97"}
,"/Users/danielmondo/Documents/HackReactor/etv-reviews/src/reviews.jsx": {"path":"/Users/danielmondo/Documents/HackReactor/etv-reviews/src/reviews.jsx","statementMap":{"0":{"start":{"line":4,"column":16},"end":{"line":12,"column":1}},"1":{"start":{"line":5,"column":2},"end":{"line":11,"column":8}},"2":{"start":{"line":8,"column":8},"end":{"line":8,"column":57}}},"fnMap":{"0":{"name":"(anonymous_0)","decl":{"start":{"line":4,"column":16},"end":{"line":4,"column":17}},"loc":{"start":{"line":5,"column":2},"end":{"line":11,"column":8}},"line":5},"1":{"name":"(anonymous_1)","decl":{"start":{"line":7,"column":18},"end":{"line":7,"column":19}},"loc":{"start":{"line":7,"column":30},"end":{"line":9,"column":7}},"line":7}},"branchMap":{},"s":{"0":1,"1":0,"2":0},"f":{"0":0,"1":0},"b":{},"_coverageSchema":"1a1c01bbd47fc00a2c39e90264f33305004495a9","hash":"59b7e48c7a37841e5afb6456c829258c74439625"}
,"/Users/danielmondo/Documents/HackReactor/etv-reviews/src/rightReview.jsx": {"path":"/Users/danielmondo/Documents/HackReactor/etv-reviews/src/rightReview.jsx","statementMap":{"0":{"start":{"line":6,"column":20},"end":{"line":16,"column":1}},"1":{"start":{"line":7,"column":2},"end":{"line":15,"column":8}}},"fnMap":{"0":{"name":"(anonymous_0)","decl":{"start":{"line":6,"column":20},"end":{"line":6,"column":21}},"loc":{"start":{"line":7,"column":2},"end":{"line":15,"column":8}},"line":7}},"branchMap":{},"s":{"0":2,"1":1},"f":{"0":1},"b":{},"_coverageSchema":"1a1c01bbd47fc00a2c39e90264f33305004495a9","hash":"2a7adbf0acb5307dc472e8668bb2d0cf99cf95e7"}
,"/Users/danielmondo/Documents/HackReactor/etv-reviews/src/sizeWidget.jsx": {"path":"/Users/danielmondo/Documents/HackReactor/etv-reviews/src/sizeWidget.jsx","statementMap":{"0":{"start":{"line":3,"column":19},"end":{"line":88,"column":1}},"1":{"start":{"line":5,"column":2},"end":{"line":87,"column":3}},"2":{"start":{"line":6,"column":4},"end":{"line":32,"column":6}},"3":{"start":{"line":33,"column":9},"end":{"line":87,"column":3}},"4":{"start":{"line":34,"column":4},"end":{"line":59,"column":6}},"5":{"start":{"line":61,"column":4},"end":{"line":86,"column":6}}},"fnMap":{"0":{"name":"(anonymous_0)","decl":{"start":{"line":3,"column":19},"end":{"line":3,"column":20}},"loc":{"start":{"line":3,"column":30},"end":{"line":88,"column":1}},"line":3}},"branchMap":{"0":{"loc":{"start":{"line":5,"column":2},"end":{"line":87,"column":3}},"type":"if","locations":[{"start":{"line":5,"column":2},"end":{"line":87,"column":3}},{"start":{"line":5,"column":2},"end":{"line":87,"column":3}}],"line":5},"1":{"loc":{"start":{"line":33,"column":9},"end":{"line":87,"column":3}},"type":"if","locations":[{"start":{"line":33,"column":9},"end":{"line":87,"column":3}},{"start":{"line":33,"column":9},"end":{"line":87,"column":3}}],"line":33}},"s":{"0":2,"1":1,"2":0,"3":1,"4":1,"5":0},"f":{"0":1},"b":{"0":[0,1],"1":[1,0]},"_coverageSchema":"1a1c01bbd47fc00a2c39e90264f33305004495a9","hash":"7abe197797a52f97e9cb292b030299afca096fdf"}
,"/Users/danielmondo/Documents/HackReactor/etv-reviews/src/stars.jsx": {"path":"/Users/danielmondo/Documents/HackReactor/etv-reviews/src/stars.jsx","statementMap":{"0":{"start":{"line":4,"column":14},"end":{"line":24,"column":1}},"1":{"start":{"line":5,"column":2},"end":{"line":23,"column":6}}},"fnMap":{"0":{"name":"(anonymous_0)","decl":{"start":{"line":4,"column":14},"end":{"line":4,"column":15}},"loc":{"start":{"line":5,"column":2},"end":{"line":23,"column":6}},"line":5}},"branchMap":{},"s":{"0":2,"1":1},"f":{"0":1},"b":{},"_coverageSchema":"1a1c01bbd47fc00a2c39e90264f33305004495a9","hash":"f532ccf75e07c7a6f82409677e1154be344ed1bb"}
}
