TN:
SF:dist/styles.css
FN:1,(anonymous_0)
FN:6,__webpack_require__
FN:37,(anonymous_2)
FN:44,(anonymous_3)
FN:56,(anonymous_4)
FN:63,(anonymous_5)
FN:68,(anonymous_6)
FN:70,getDefault
FN:71,getModuleExports
FN:77,(anonymous_9)
FN:94,(anonymous_10)
FN:105,(anonymous_11)
FN:117,(anonymous_12)
FN:129,(anonymous_13)
FNF:14
FNH:6
FNDA:2,(anonymous_0)
FNDA:8,__webpack_require__
FNDA:0,(anonymous_2)
FNDA:0,(anonymous_3)
FNDA:0,(anonymous_4)
FNDA:0,(anonymous_5)
FNDA:0,(anonymous_6)
FNDA:0,getDefault
FNDA:0,getModuleExports
FNDA:0,(anonymous_9)
FNDA:2,(anonymous_10)
FNDA:2,(anonymous_11)
FNDA:2,(anonymous_12)
FNDA:2,(anonymous_13)
DA:1,2
DA:3,2
DA:9,8
DA:10,0
DA:13,8
DA:20,8
DA:23,8
DA:26,8
DA:31,2
DA:34,2
DA:37,2
DA:38,0
DA:39,0
DA:44,2
DA:45,0
DA:46,0
DA:48,0
DA:56,2
DA:57,0
DA:58,0
DA:59,0
DA:60,0
DA:61,0
DA:62,0
DA:63,0
DA:64,0
DA:68,2
DA:69,0
DA:70,0
DA:71,0
DA:72,0
DA:73,0
DA:77,2
DA:80,2
DA:84,2
DA:96,2
DA:108,2
DA:120,2
DA:131,2
LF:39
LH:20
BRDA:9,0,0,0
BRDA:9,0,1,8
BRDA:38,1,0,0
BRDA:38,1,1,0
BRDA:45,2,0,0
BRDA:45,2,1,0
BRDA:45,3,0,0
BRDA:45,3,1,0
BRDA:57,4,0,0
BRDA:57,4,1,0
BRDA:58,5,0,0
BRDA:58,5,1,0
BRDA:59,6,0,0
BRDA:59,6,1,0
BRDA:59,7,0,0
BRDA:59,7,1,0
BRDA:59,7,2,0
BRDA:59,7,3,0
BRDA:63,8,0,0
BRDA:63,8,1,0
BRDA:63,9,0,0
BRDA:63,9,1,0
BRDA:69,10,0,0
BRDA:69,10,1,0
BRDA:69,11,0,0
BRDA:69,11,1,0
BRF:26
BRH:1
end_of_record
TN:
SF:src/app.jsx
FN:21,(anonymous_0)
FN:29,(anonymous_1)
FN:33,(anonymous_2)
FN:35,(anonymous_3)
FN:36,(anonymous_4)
FN:39,(anonymous_5)
FN:41,(anonymous_6)
FN:42,(anonymous_7)
FN:45,(anonymous_8)
FN:47,(anonymous_9)
FN:48,(anonymous_10)
FN:55,(anonymous_11)
FNF:12
FNH:4
FNDA:3,(anonymous_0)
FNDA:3,(anonymous_1)
FNDA:0,(anonymous_2)
FNDA:0,(anonymous_3)
FNDA:0,(anonymous_4)
FNDA:0,(anonymous_5)
FNDA:0,(anonymous_6)
FNDA:0,(anonymous_7)
FNDA:3,(anonymous_8)
FNDA:0,(anonymous_9)
FNDA:0,(anonymous_10)
FNDA:3,(anonymous_11)
DA:5,1
DA:22,3
DA:23,3
DA:30,3
DA:34,0
DA:35,0
DA:36,0
DA:40,0
DA:41,0
DA:42,0
DA:46,3
DA:47,0
DA:49,0
DA:56,3
LF:14
LH:6
BRDA:58,0,0,3
BRDA:58,0,1,0
BRF:2
BRH:1
end_of_record
TN:
SF:src/helpful.jsx
FN:3,(anonymous_0)
FN:5,(anonymous_1)
FNF:2
FNH:2
FNDA:1,(anonymous_0)
FNDA:1,(anonymous_1)
DA:3,2
DA:5,2
DA:6,1
LF:3
LH:3
BRF:0
BRH:0
end_of_record
TN:
SF:src/leftReview.jsx
FN:4,(anonymous_0)
FNF:1
FNH:1
FNDA:1,(anonymous_0)
DA:4,2
DA:5,1
DA:8,1
DA:9,0
DA:10,1
DA:11,0
DA:12,1
DA:13,0
DA:15,1
DA:18,1
LF:10
LH:7
BRDA:8,0,0,0
BRDA:8,0,1,1
BRDA:10,1,0,0
BRDA:10,1,1,1
BRDA:12,2,0,0
BRDA:12,2,1,1
BRF:6
BRH:3
end_of_record
TN:
SF:src/ratingWidget.jsx
FN:3,(anonymous_0)
FNF:1
FNH:1
FNDA:6,(anonymous_0)
DA:3,2
DA:5,6
DA:6,0
DA:7,0
DA:9,6
DA:10,6
DA:13,6
DA:14,6
DA:16,6
LF:9
LH:7
BRDA:5,0,0,0
BRDA:5,0,1,6
BRF:2
BRH:1
end_of_record
TN:
SF:src/recommend.jsx
FN:3,(anonymous_0)
FNF:1
FNH:1
FNDA:1,(anonymous_0)
DA:3,2
DA:5,1
DA:6,0
DA:15,1
LF:4
LH:3
BRDA:5,0,0,0
BRDA:5,0,1,1
BRF:2
BRH:1
end_of_record
TN:
SF:src/review.jsx
FN:6,(anonymous_0)
FNF:1
FNH:1
FNDA:1,(anonymous_0)
DA:6,2
DA:7,1
LF:2
LH:2
BRF:0
BRH:0
end_of_record
TN:
SF:src/reviews.jsx
FN:4,(anonymous_0)
FN:7,(anonymous_1)
FNF:2
FNH:0
FNDA:0,(anonymous_0)
FNDA:0,(anonymous_1)
DA:4,1
DA:5,0
DA:8,0
LF:3
LH:1
BRF:0
BRH:0
end_of_record
TN:
SF:src/rightReview.jsx
FN:6,(anonymous_0)
FNF:1
FNH:1
FNDA:1,(anonymous_0)
DA:6,2
DA:7,1
LF:2
LH:2
BRF:0
BRH:0
end_of_record
TN:
SF:src/sizeWidget.jsx
FN:3,(anonymous_0)
FNF:1
FNH:1
FNDA:1,(anonymous_0)
DA:3,2
DA:5,1
DA:6,0
DA:33,1
DA:34,0
DA:61,1
LF:6
LH:4
BRDA:5,0,0,0
BRDA:5,0,1,1
BRDA:33,1,0,0
BRDA:33,1,1,1
BRF:4
BRH:2
end_of_record
TN:
SF:src/stars.jsx
FN:4,(anonymous_0)
FNF:1
FNH:1
FNDA:1,(anonymous_0)
DA:4,2
DA:5,1
LF:2
LH:2
BRF:0
BRH:0
end_of_record
